<?xml version="1.0" encoding="UTF-8"?>
<testsuite name="InVoiceServiceTest" tests="4" skipped="0" failures="0" errors="0" timestamp="2019-12-16T14:11:36" hostname="admin1-H110M-H" time="0.002">
  <properties/>
  <testcase name="givenUserIdAndRides_ShouldReturnInvoiceSummary" classname="InVoiceServiceTest" time="0.001"/>
  <testcase name="givenLessDistanceAndTime_ShouldReturnTotalFare" classname="InVoiceServiceTest" time="0.0"/>
  <testcase name="givenDistanceAndTime_ShouldReturnTotalFare" classname="InVoiceServiceTest" time="0.0"/>
  <testcase name="givenMultipleRides_ShouldReturnInvoiceSummary" classname="InVoiceServiceTest" time="0.0"/>
  <system-out><![CDATA[]]></system-out>
  <system-err><![CDATA[]]></system-err>
</testsuite>
